<!DOCTYPE html PUBLIC "-//W3C//DTD XHTML 1.1//EN" "https://www.w3.org/TR/xhtml11/DTD/xhtml11.dtd">
<html xmlns="https://www.w3.org/1999/xhtml">
<head>
<meta http-equiv="content-type" content="text/html; charset=UTF-8"/>
<title>TestNG Report</title>
<style type="text/css">table {margin-bottom:10px;border-collapse:collapse;empty-cells:show}th,td {border:1px solid #009;padding:.25em .5em}th {vertical-align:bottom}td {vertical-align:top}table a {font-weight:bold}.stripe td {background-color: #E6EBF9}.num {text-align:right}.passedodd td {background-color: #3F3}.passedeven td {background-color: #0A0}.skippedodd td {background-color: #DDD}.skippedeven td {background-color: #CCC}.failedodd td,.attn {background-color: #F33}.failedeven td,.stripe .attn {background-color: #D00}.stacktrace {white-space:pre;font-family:monospace}.totop {font-size:85%;text-align:center;border-bottom:2px solid #000}.invisible {display:none}</style>
</head>
<body>
<table>
<tr><th>Test</th><th># Passed</th><th># Skipped</th><th># Retried</th><th># Failed</th><th>Time (ms)</th><th>Included Groups</th><th>Excluded Groups</th></tr>
<tr><th colspan="8">Suite</th></tr>
<tr><td><a href="#t0">testNgExtentReport</a></td><td class="num">0</td><td class="num attn">4</td><td class="num">0</td><td class="num attn">1</td><td class="num">315</td><td></td><td></td></tr>
</table>
<table id='summary'><thead><tr><th>Class</th><th>Method</th><th>Start</th><th>Time (ms)</th></tr></thead><tbody><tr><th colspan="4">Suite</th></tr></tbody><tbody id="t0"><tr><th colspan="4">testNgExtentReport &#8212; failed (configuration methods)</th></tr><tr class="failedeven"><td rowspan="4">testscript.LoginTest</td><td><a href="#m0">initializeMethod</a></td><td rowspan="4">1729002308187</td><td rowspan="4">-1729002308187</td></tr><tr class="failedeven"><td><a href="#m1">initializeMethod</a></td></tr><tr class="failedeven"><td><a href="#m2">initializeMethod</a></td></tr><tr class="failedeven"><td><a href="#m3">initializeMethod</a></td></tr><tr><th colspan="4">testNgExtentReport &#8212; failed</th></tr><tr class="failedeven"><td rowspan="1">testscript.LoginTest</td><td><a href="#m4">verifyUserIsUnableToLoginWithInvalidPasswordAndValidUserName</a></td><td rowspan="1">1729002308275</td><td rowspan="1">0</td></tr><tr><th colspan="4">testNgExtentReport &#8212; skipped (configuration methods)</th></tr><tr class="skippedeven"><td rowspan="4">testscript.LoginTest</td><td><a href="#m5">afterMethod</a></td><td rowspan="4">1729002308179</td><td rowspan="4">-1729002308179</td></tr><tr class="skippedeven"><td><a href="#m6">afterMethod</a></td></tr><tr class="skippedeven"><td><a href="#m7">afterMethod</a></td></tr><tr class="skippedeven"><td><a href="#m8">afterMethod</a></td></tr><tr><th colspan="4">testNgExtentReport &#8212; skipped</th></tr><tr class="skippedeven"><td rowspan="4">testscript.LoginTest</td><td><a href="#m9">verifyUserIsAbleToLoginUsingValidCredentials</a></td><td rowspan="2">1729002308191</td><td rowspan="2">0</td></tr><tr class="skippedeven"><td><a href="#m10">verifyUserIsAbleToLoginUsingValidCredentials</a></td></tr><tr class="skippedeven"><td><a href="#m11">verifyUserIsUnableToLoginWithInvalidCredentials</a></td><td rowspan="1">1729002308230</td><td rowspan="1">0</td></tr><tr class="skippedeven"><td><a href="#m12">verifyUserIsUnableToLoginWithValidPasswordAndInalidUserName</a></td><td rowspan="1">1729002308295</td><td rowspan="1">0</td></tr></tbody>
</table>
<h2>testNgExtentReport</h2><h3 id="m0">testscript.LoginTest#initializeMethod</h3><table class="result"><tr><th>Exception</th></tr><tr><td><div class="stacktrace">org.testng.TestNGException: 
Parameter &apos;browzer&apos; is required by BeforeMethod on method initializeMethod but has not been marked @Optional or defined
in C:\Users\DELL\eclipse-workspace\SevenRMartSuperMarket\TestNgExtentReport
	at java.base/java.util.ArrayList.forEach(ArrayList.java:1511)
... Removed 28 stack frames</div></td></tr></table><p class="totop"><a href="#summary">back to summary</a></p>
<h3 id="m1">testscript.LoginTest#initializeMethod</h3><table class="result"><tr><th>Exception</th></tr><tr><td><div class="stacktrace">org.testng.TestNGException: 
Parameter &apos;browzer&apos; is required by BeforeMethod on method initializeMethod but has not been marked @Optional or defined
in C:\Users\DELL\eclipse-workspace\SevenRMartSuperMarket\TestNgExtentReport
	at java.base/java.util.ArrayList.forEach(ArrayList.java:1511)
... Removed 28 stack frames</div></td></tr></table><p class="totop"><a href="#summary">back to summary</a></p>
<h3 id="m2">testscript.LoginTest#initializeMethod</h3><table class="result"><tr><th>Exception</th></tr><tr><td><div class="stacktrace">org.testng.TestNGException: 
Parameter &apos;browzer&apos; is required by BeforeMethod on method initializeMethod but has not been marked @Optional or defined
in C:\Users\DELL\eclipse-workspace\SevenRMartSuperMarket\TestNgExtentReport
	at java.base/java.util.ArrayList.forEach(ArrayList.java:1511)
... Removed 28 stack frames</div></td></tr></table><p class="totop"><a href="#summary">back to summary</a></p>
<h3 id="m3">testscript.LoginTest#initializeMethod</h3><table class="result"><tr><th>Exception</th></tr><tr><td><div class="stacktrace">org.testng.TestNGException: 
Parameter &apos;browzer&apos; is required by BeforeMethod on method initializeMethod but has not been marked @Optional or defined
in C:\Users\DELL\eclipse-workspace\SevenRMartSuperMarket\TestNgExtentReport
	at java.base/java.util.ArrayList.forEach(ArrayList.java:1511)
... Removed 28 stack frames</div></td></tr></table><p class="totop"><a href="#summary">back to summary</a></p>
<h3 id="m4">testscript.LoginTest#verifyUserIsUnableToLoginWithInvalidPasswordAndValidUserName</h3><table class="result"><tr><th>Exception</th></tr><tr><td><div class="stacktrace">org.testng.TestNGException: 
Parameter &apos;username&apos; is required by @Test on method verifyUserIsUnableToLoginWithInvalidPasswordAndValidUserName but has not been marked @Optional or defined
in C:\Users\DELL\eclipse-workspace\SevenRMartSuperMarket\TestNgExtentReport
	at java.base/java.util.ArrayList.forEach(ArrayList.java:1511)
... Removed 26 stack frames</div></td></tr></table><p class="totop"><a href="#summary">back to summary</a></p>
<h3 id="m5">testscript.LoginTest#afterMethod</h3><table class="result"><tr><th class="invisible"/></tr></table><p class="totop"><a href="#summary">back to summary</a></p>
<h3 id="m6">testscript.LoginTest#afterMethod</h3><table class="result"><tr><th class="invisible"/></tr></table><p class="totop"><a href="#summary">back to summary</a></p>
<h3 id="m7">testscript.LoginTest#afterMethod</h3><table class="result"><tr><th class="invisible"/></tr></table><p class="totop"><a href="#summary">back to summary</a></p>
<h3 id="m8">testscript.LoginTest#afterMethod</h3><table class="result"><tr><th class="invisible"/></tr></table><p class="totop"><a href="#summary">back to summary</a></p>
<h3 id="m9">testscript.LoginTest#verifyUserIsAbleToLoginUsingValidCredentials</h3><table class="result"><tr class="param"><th>Parameter #1</th><th>Parameter #2</th></tr><tr class="param stripe"><td>adminrr</td><td>admiwwn</td></tr><tr><th colspan="2">Exception</th></tr><tr><td colspan="2"><div class="stacktrace">org.testng.TestNGException: 
Parameter &apos;browzer&apos; is required by BeforeMethod on method initializeMethod but has not been marked @Optional or defined
in C:\Users\DELL\eclipse-workspace\SevenRMartSuperMarket\TestNgExtentReport
	at java.base/java.util.ArrayList.forEach(ArrayList.java:1511)
... Removed 28 stack frames</div></td></tr></table><p class="totop"><a href="#summary">back to summary</a></p>
<h3 id="m10">testscript.LoginTest#verifyUserIsAbleToLoginUsingValidCredentials</h3><table class="result"><tr class="param"><th>Parameter #1</th><th>Parameter #2</th></tr><tr class="param stripe"><td>admin</td><td>admin</td></tr><tr><th colspan="2">Exception</th></tr><tr><td colspan="2"><div class="stacktrace">org.testng.TestNGException: 
Parameter &apos;browzer&apos; is required by BeforeMethod on method initializeMethod but has not been marked @Optional or defined
in C:\Users\DELL\eclipse-workspace\SevenRMartSuperMarket\TestNgExtentReport
	at java.base/java.util.ArrayList.forEach(ArrayList.java:1511)
... Removed 28 stack frames</div></td></tr></table><p class="totop"><a href="#summary">back to summary</a></p>
<h3 id="m11">testscript.LoginTest#verifyUserIsUnableToLoginWithInvalidCredentials</h3><table class="result"><tr><th>Exception</th></tr><tr><td><div class="stacktrace">org.testng.TestNGException: 
Parameter &apos;browzer&apos; is required by BeforeMethod on method initializeMethod but has not been marked @Optional or defined
in C:\Users\DELL\eclipse-workspace\SevenRMartSuperMarket\TestNgExtentReport
	at java.base/java.util.ArrayList.forEach(ArrayList.java:1511)
... Removed 28 stack frames</div></td></tr></table><p class="totop"><a href="#summary">back to summary</a></p>
<h3 id="m12">testscript.LoginTest#verifyUserIsUnableToLoginWithValidPasswordAndInalidUserName</h3><table class="result"><tr><th>Exception</th></tr><tr><td><div class="stacktrace">org.testng.TestNGException: 
Parameter &apos;browzer&apos; is required by BeforeMethod on method initializeMethod but has not been marked @Optional or defined
in C:\Users\DELL\eclipse-workspace\SevenRMartSuperMarket\TestNgExtentReport
	at java.base/java.util.ArrayList.forEach(ArrayList.java:1511)
... Removed 28 stack frames</div></td></tr></table><p class="totop"><a href="#summary">back to summary</a></p>
</body>
</html>
