<?xml version="1.0" encoding="UTF-8"?>
<!-- Generated by org.testng.reporters.JUnitXMLReporter -->
<testsuite ignored="0" hostname="DESKTOP-1ODVV1I" failures="1" tests="5" name="testNgExtentReport" time="0.315" errors="0" timestamp="2024-10-15T19:55:08 IST">
  <testcase classname="testscript.Base" name="@BeforeMethod initializeMethod" time="-1.729002308053E9">
    <failure type="org.testng.TestNGException" message="
Parameter &amp;apos;browzer&amp;apos; is required by BeforeMethod on method initializeMethod but has not been marked @Optional or defined
in C:\Users\DELL\eclipse-workspace\SevenRMartSuperMarket\TestNgExtentReport">
      <![CDATA[org.testng.TestNGException: 
Parameter 'browzer' is required by BeforeMethod on method initializeMethod but has not been marked @Optional or defined
in C:\Users\DELL\eclipse-workspace\SevenRMartSuperMarket\TestNgExtentReport
at java.base/java.util.ArrayList.forEach(ArrayList.java:1511)
... Removed 28 stack frames]]>
    </failure>
  </testcase> <!-- @BeforeMethod initializeMethod -->
  <testcase classname="testscript.Base" name="@AfterMethod afterMethod" time="-1.729002308179E9">
    <skipped/>
  </testcase> <!-- @AfterMethod afterMethod -->
  <testcase classname="testscript.Base" name="@BeforeMethod initializeMethod" time="-1.729002308187E9">
    <failure type="org.testng.TestNGException" message="
Parameter &amp;apos;browzer&amp;apos; is required by BeforeMethod on method initializeMethod but has not been marked @Optional or defined
in C:\Users\DELL\eclipse-workspace\SevenRMartSuperMarket\TestNgExtentReport">
      <![CDATA[org.testng.TestNGException: 
Parameter 'browzer' is required by BeforeMethod on method initializeMethod but has not been marked @Optional or defined
in C:\Users\DELL\eclipse-workspace\SevenRMartSuperMarket\TestNgExtentReport
at java.base/java.util.ArrayList.forEach(ArrayList.java:1511)
... Removed 28 stack frames]]>
    </failure>
  </testcase> <!-- @BeforeMethod initializeMethod -->
  <testcase classname="testscript.Base" name="@AfterMethod afterMethod" time="-1.729002308214E9">
    <skipped/>
  </testcase> <!-- @AfterMethod afterMethod -->
  <testcase classname="testscript.Base" name="@BeforeMethod initializeMethod" time="-1.729002308224E9">
    <failure type="org.testng.TestNGException" message="
Parameter &amp;apos;browzer&amp;apos; is required by BeforeMethod on method initializeMethod but has not been marked @Optional or defined
in C:\Users\DELL\eclipse-workspace\SevenRMartSuperMarket\TestNgExtentReport">
      <![CDATA[org.testng.TestNGException: 
Parameter 'browzer' is required by BeforeMethod on method initializeMethod but has not been marked @Optional or defined
in C:\Users\DELL\eclipse-workspace\SevenRMartSuperMarket\TestNgExtentReport
at java.base/java.util.ArrayList.forEach(ArrayList.java:1511)
... Removed 28 stack frames]]>
    </failure>
  </testcase> <!-- @BeforeMethod initializeMethod -->
  <testcase classname="testscript.Base" name="@AfterMethod afterMethod" time="-1.729002308258E9">
    <skipped/>
  </testcase> <!-- @AfterMethod afterMethod -->
  <testcase classname="testscript.Base" name="@BeforeMethod initializeMethod" time="-1.72900230829E9">
    <failure type="org.testng.TestNGException" message="
Parameter &amp;apos;browzer&amp;apos; is required by BeforeMethod on method initializeMethod but has not been marked @Optional or defined
in C:\Users\DELL\eclipse-workspace\SevenRMartSuperMarket\TestNgExtentReport">
      <![CDATA[org.testng.TestNGException: 
Parameter 'browzer' is required by BeforeMethod on method initializeMethod but has not been marked @Optional or defined
in C:\Users\DELL\eclipse-workspace\SevenRMartSuperMarket\TestNgExtentReport
at java.base/java.util.ArrayList.forEach(ArrayList.java:1511)
... Removed 28 stack frames]]>
    </failure>
  </testcase> <!-- @BeforeMethod initializeMethod -->
  <testcase classname="testscript.Base" name="@AfterMethod afterMethod" time="-1.729002308302E9">
    <skipped/>
  </testcase> <!-- @AfterMethod afterMethod -->
  <testcase classname="testscript.LoginTest" name="verifyUserIsAbleToLoginUsingValidCredentials" time="0.0">
    <skipped/>
  </testcase> <!-- verifyUserIsAbleToLoginUsingValidCredentials -->
  <testcase classname="testscript.LoginTest" name="verifyUserIsAbleToLoginUsingValidCredentials" time="0.0">
    <skipped/>
  </testcase> <!-- verifyUserIsAbleToLoginUsingValidCredentials -->
  <testcase classname="testscript.LoginTest" name="verifyUserIsUnableToLoginWithInvalidCredentials" time="0.0">
    <skipped/>
  </testcase> <!-- verifyUserIsUnableToLoginWithInvalidCredentials -->
  <testcase classname="testscript.LoginTest" name="verifyUserIsUnableToLoginWithInvalidPasswordAndValidUserName" time="0.0">
    <failure type="org.testng.TestNGException" message="
Parameter &amp;apos;username&amp;apos; is required by @Test on method verifyUserIsUnableToLoginWithInvalidPasswordAndValidUserName but has not been marked @Optional or defined
in C:\Users\DELL\eclipse-workspace\SevenRMartSuperMarket\TestNgExtentReport">
      <![CDATA[org.testng.TestNGException: 
Parameter 'username' is required by @Test on method verifyUserIsUnableToLoginWithInvalidPasswordAndValidUserName but has not been marked @Optional or defined
in C:\Users\DELL\eclipse-workspace\SevenRMartSuperMarket\TestNgExtentReport
at java.base/java.util.ArrayList.forEach(ArrayList.java:1511)
... Removed 26 stack frames]]>
    </failure>
  </testcase> <!-- verifyUserIsUnableToLoginWithInvalidPasswordAndValidUserName -->
  <testcase classname="testscript.LoginTest" name="verifyUserIsUnableToLoginWithValidPasswordAndInalidUserName" time="0.0">
    <skipped/>
  </testcase> <!-- verifyUserIsUnableToLoginWithValidPasswordAndInalidUserName -->
</testsuite> <!-- testNgExtentReport -->
